<?xml version="1.0" encoding="UTF-8"?>
<!-- Generated by org.testng.reporters.JUnitReportReporter -->
<testsuite hostname="DESKTOP-H9MVATV" failures="0" tests="1" name="Day3.headersdemo" time="3.659" errors="0" timestamp="2023-10-11T23:52:01 IST" skipped="0">
  <testcase classname="Day3.headersdemo" name="getheaders" time="3.659"/>
</testsuite> <!-- Day3.headersdemo -->
