<?xml version="1.0" encoding="UTF-8"?>
<!-- Generated by org.testng.reporters.JUnitReportReporter -->
<testsuite hostname="DESKTOP-H9MVATV" failures="0" tests="1" name="Day4.parsingJSONResponseData" time="5.264" errors="0" timestamp="2023-10-13T00:05:50 IST" skipped="0">
  <testcase classname="Day4.parsingJSONResponseData" name="testJSONResponseBodyData" time="5.264"/>
</testsuite> <!-- Day4.parsingJSONResponseData -->
