<?xml version="1.0" encoding="UTF-8"?>
<!-- Generated by org.testng.reporters.JUnitReportReporter -->
<testsuite hostname="DESKTOP-H9MVATV" failures="0" tests="2" name="Day5.FileUploadandDownload" time="2.878" errors="0" timestamp="2023-10-17T21:03:34 IST" skipped="0">
  <testcase classname="Day5.FileUploadandDownload" name="singleFileUpload" time="2.824"/>
  <testcase classname="Day5.FileUploadandDownload" name="fileDownload" time="0.054"/>
</testsuite> <!-- Day5.FileUploadandDownload -->
