<?xml version="1.0" encoding="UTF-8"?>
<!-- Generated by org.testng.reporters.JUnitReportReporter -->
<testsuite hostname="DESKTOP-H9MVATV" failures="0" tests="4" name="Day1.httprequests" time="16.639" errors="0" timestamp="2023-10-10T21:47:51 IST" skipped="0">
  <testcase classname="Day1.httprequests" name="getUser" time="12.399"/>
  <testcase classname="Day1.httprequests" name="createUser" time="2.220"/>
  <testcase classname="Day1.httprequests" name="updateUser" time="1.004"/>
  <testcase classname="Day1.httprequests" name="deleteUser" time="1.016"/>
</testsuite> <!-- Day1.httprequests -->
