<?xml version="1.0" encoding="UTF-8"?>
<!-- Generated by org.testng.reporters.JUnitReportReporter -->
<testsuite hostname="DESKTOP-H9MVATV" failures="0" tests="1" name="Day3.cookiesdemo" time="4.277" errors="0" timestamp="2023-10-11T23:15:38 IST" skipped="0">
  <testcase classname="Day3.cookiesdemo" name="getCookieinfo" time="4.277"/>
</testsuite> <!-- Day3.cookiesdemo -->
