<?xml version="1.0" encoding="UTF-8"?>
<!-- Generated by org.testng.reporters.JUnitReportReporter -->
<testsuite hostname="DESKTOP-H9MVATV" failures="0" tests="1" name="Day3.loggingdemo" time="2.747" errors="0" timestamp="2023-10-12T00:04:08 IST" skipped="0">
  <testcase classname="Day3.loggingdemo" name="testLogs" time="2.747"/>
</testsuite> <!-- Day3.loggingdemo -->
