<?xml version="1.0" encoding="UTF-8"?>
<!-- Generated by org.testng.reporters.JUnitReportReporter -->
<testsuite hostname="DESKTOP-H9MVATV" failures="0" tests="1" name="Day5.parsingXMLResponseData" time="7.558" errors="0" timestamp="2023-10-17T17:51:36 IST" skipped="0">
  <testcase classname="Day5.parsingXMLResponseData" name="testXMLResopnseBody" time="7.558"/>
</testsuite> <!-- Day5.parsingXMLResponseData -->
