<?xml version="1.0" encoding="UTF-8"?>
<!-- Generated by org.testng.reporters.JUnitReportReporter -->
<testsuite hostname="DESKTOP-H9MVATV" failures="0" tests="2" name="Day2.waystocreatepostrequestbody" time="4.768" errors="0" timestamp="2023-10-11T16:19:29 IST" skipped="0">
  <testcase classname="Day2.waystocreatepostrequestbody" name="testpostusingExternalJsonFile" time="4.641"/>
  <testcase classname="Day2.waystocreatepostrequestbody" name="deleteTest" time="0.127"/>
</testsuite> <!-- Day2.waystocreatepostrequestbody -->
