<?xml version="1.0" encoding="UTF-8"?>
<!-- Generated by org.testng.reporters.JUnitReportReporter -->
<testsuite hostname="DESKTOP-H9MVATV" failures="0" tests="1" name="Day3.PathandQueryparameters" time="8.352" errors="0" timestamp="2023-10-11T22:35:46 IST" skipped="0">
  <testcase classname="Day3.PathandQueryparameters" name="testQueryandpathParam" time="8.352"/>
</testsuite> <!-- Day3.PathandQueryparameters -->
